[debug] [2022-11-11T15:12:45.619Z] ----------------------------------------------------------------------
[debug] [2022-11-11T15:12:45.621Z] Command:       C:\Program Files\nodejs\node.exe C:\Users\shuvr\AppData\Roaming\npm\node_modules\firebase-tools\lib\bin\firebase.js init
[debug] [2022-11-11T15:12:45.622Z] CLI Version:   11.16.0
[debug] [2022-11-11T15:12:45.622Z] Platform:      win32
[debug] [2022-11-11T15:12:45.622Z] Node Version:  v16.17.0
[debug] [2022-11-11T15:12:45.623Z] Time:          Fri Nov 11 2022 20:42:45 GMT+0530 (India Standard Time)
[debug] [2022-11-11T15:12:45.623Z] ----------------------------------------------------------------------
[debug] 
[debug] [2022-11-11T15:12:45.630Z] > command requires scopes: ["email","openid","https://www.googleapis.com/auth/cloudplatformprojects.readonly","https://www.googleapis.com/auth/firebase","https://www.googleapis.com/auth/cloud-platform"]
[debug] [2022-11-11T15:12:45.630Z] > authorizing via signed-in user (shuvradeep.96@gmail.com)
[info] 
     ######## #### ########  ######## ########     ###     ######  ########
     ##        ##  ##     ## ##       ##     ##  ##   ##  ##       ##
     ######    ##  ########  ######   ########  #########  ######  ######
     ##        ##  ##    ##  ##       ##     ## ##     ##       ## ##
     ##       #### ##     ## ######## ########  ##     ##  ######  ########

You're about to initialize a Firebase project in this directory:

  D:\nextjs udemy\hulu\hulu-clone

[info] 
=== Project Setup
[info] 
[info] First, let's associate this project directory with a Firebase project.
[info] You can create multiple project aliases by running firebase use --add, 
[info] but for now we'll just set up a default project.
[info] 
[debug] [2022-11-11T15:12:59.447Z] >>> [apiv2][query] GET https://firebase.googleapis.com/v1beta1/projects pageSize=100
[debug] [2022-11-11T15:13:00.324Z] <<< [apiv2][status] GET https://firebase.googleapis.com/v1beta1/projects 200
[debug] [2022-11-11T15:13:00.324Z] <<< [apiv2][body] GET https://firebase.googleapis.com/v1beta1/projects [omitted]
[info] i  Using project hulu-clone-b5851 (Hulu-clone) 
[info] 
=== Hosting Setup
[info] 
[info] Your public directory is the folder (relative to your project directory) that
[info] will contain Hosting assets to be uploaded with firebase deploy. If you
[info] have a build process for your assets, use your build's output directory.
[info] 
